# JRE version: Java(TM) SE Runtime Environment (8.0_172-b11) (build 1.8.0_172-b11)
# Java VM: Java HotSpot(TM) 64-Bit Server VM (25.172-b11 mixed mode linux-amd64 compressed oops)
Heap:
 par new generation   total 76800K, used 45125K [0x00000004d1800000, 0x00000004d6b50000, 0x00000004fb190000)
  eden space 68288K,  53% used [0x00000004d1800000, 0x00000004d3bfffb8, 0x00000004d5ab0000)
  from space 8512K,  97% used [0x00000004d5ab0000, 0x00000004d62c1690, 0x00000004d6300000)
  to   space 8512K,   0% used [0x00000004d6300000, 0x00000004d6300000, 0x00000004d6b50000)
 concurrent mark-sweep generation total 8212084K, used 7486091K [0x00000004fb190000, 0x00000006f052d000, 0x00000007c0000000)
 Metaspace       used 68901K, capacity 70184K, committed 70736K, reserved 1110016K
  class space    used 9842K, capacity 10277K, committed 10328K, reserved 1048576K
GC Heap History (10 events):
Event: 979.470 GC heap before
{Heap before GC invocations=3531 (full 53):
 par new generation   total 76800K, used 76271K [0x00000004d1800000, 0x00000004d6b50000, 0x00000004fb190000)
  eden space 68288K,  99% used [0x00000004d1800000, 0x00000004d5a69f30, 0x00000004d5ab0000)
  from space 8512K,  97% used [0x00000004d6300000, 0x00000004d6b11e90, 0x00000004d6b50000)
  to   space 8512K,   0% used [0x00000004d5ab0000, 0x00000004d5ab0000, 0x00000004d6300000)
 concurrent mark-sweep generation total 8212084K, used 7471153K [0x00000004fb190000, 0x00000006f052d000, 0x00000007c0000000)
 Metaspace       used 68901K, capacity 70184K, committed 70736K, reserved 1110016K
  class space    used 9842K, capacity 10277K, committed 10328K, reserved 1048576K
Event: 979.479 GC heap after
Heap after GC invocations=3532 (full 53):
 par new generation   total 76800K, used 8261K [0x00000004d1800000, 0x00000004d6b50000, 0x00000004fb190000)
  eden space 68288K,   0% used [0x00000004d1800000, 0x00000004d1800000, 0x00000004d5ab0000)
  from space 8512K,  97% used [0x00000004d5ab0000, 0x00000004d62c1770, 0x00000004d6300000)
  to   space 8512K,   0% used [0x00000004d6300000, 0x00000004d6300000, 0x00000004d6b50000)
 concurrent mark-sweep generation total 8212084K, used 7479887K [0x00000004fb190000, 0x00000006f052d000, 0x00000007c0000000)
 Metaspace       used 68901K, capacity 70184K, committed 70736K, reserved 1110016K
  class space    used 9842K, capacity 10277K, committed 10328K, reserved 1048576K
}
Event: 979.614 GC heap before
{Heap before GC invocations=3532 (full 53):
 par new generation   total 76800K, used 76259K [0x00000004d1800000, 0x00000004d6b50000, 0x00000004fb190000)
  eden space 68288K,  99% used [0x00000004d1800000, 0x00000004d5a677e0, 0x00000004d5ab0000)
  from space 8512K,  97% used [0x00000004d5ab0000, 0x00000004d62c1770, 0x00000004d6300000)
  to   space 8512K,   0% used [0x00000004d6300000, 0x00000004d6300000, 0x00000004d6b50000)
 concurrent mark-sweep generation total 8212084K, used 7472459K [0x00000004fb190000, 0x00000006f052d000, 0x00000007c0000000)
 Metaspace       used 68901K, capacity 70184K, committed 70736K, reserved 1110016K
  class space    used 9842K, capacity 10277K, committed 10328K, reserved 1048576K
Event: 979.623 GC heap after
Heap after GC invocations=3533 (full 53):
 par new generation   total 76800K, used 8259K [0x00000004d1800000, 0x00000004d6b50000, 0x00000004fb190000)
  eden space 68288K,   0% used [0x00000004d1800000, 0x00000004d1800000, 0x00000004d5ab0000)
  from space 8512K,  97% used [0x00000004d6300000, 0x00000004d6b10d30, 0x00000004d6b50000)
  to   space 8512K,   0% used [0x00000004d5ab0000, 0x00000004d5ab0000, 0x00000004d6300000)
 concurrent mark-sweep generation total 8212084K, used 7481194K [0x00000004fb190000, 0x00000006f052d000, 0x00000007c0000000)
 Metaspace       used 68901K, capacity 70184K, committed 70736K, reserved 1110016K
  class space    used 9842K, capacity 10277K, committed 10328K, reserved 1048576K
}
Event: 979.748 GC heap before
{Heap before GC invocations=3533 (full 53):
 par new generation   total 76800K, used 76517K [0x00000004d1800000, 0x00000004d6b50000, 0x00000004fb190000)
  eden space 68288K,  99% used [0x00000004d1800000, 0x00000004d5aa8920, 0x00000004d5ab0000)
  from space 8512K,  97% used [0x00000004d6300000, 0x00000004d6b10d30, 0x00000004d6b50000)
  to   space 8512K,   0% used [0x00000004d5ab0000, 0x00000004d5ab0000, 0x00000004d6300000)
 concurrent mark-sweep generation total 8212084K, used 7474454K [0x00000004fb190000, 0x00000006f052d000, 0x00000007c0000000)
 Metaspace       used 68901K, capacity 70184K, committed 70736K, reserved 1110016K
  class space    used 9842K, capacity 10277K, committed 10328K, reserved 1048576K
Event: 979.757 GC heap after
Heap after GC invocations=3534 (full 53):
 par new generation   total 76800K, used 8258K [0x00000004d1800000, 0x00000004d6b50000, 0x00000004fb190000)
  eden space 68288K,   0% used [0x00000004d1800000, 0x00000004d1800000, 0x00000004d5ab0000)
  from space 8512K,  97% used [0x00000004d5ab0000, 0x00000004d62c0bf0, 0x00000004d6300000)
  to   space 8512K,   0% used [0x00000004d6300000, 0x00000004d6300000, 0x00000004d6b50000)
 concurrent mark-sweep generation total 8212084K, used 7483188K [0x00000004fb190000, 0x00000006f052d000, 0x00000007c0000000)
 Metaspace       used 68901K, capacity 70184K, committed 70736K, reserved 1110016K
  class space    used 9842K, capacity 10277K, committed 10328K, reserved 1048576K
}
Event: 979.873 GC heap before
{Heap before GC invocations=3534 (full 53):
 par new generation   total 76800K, used 76546K [0x00000004d1800000, 0x00000004d6b50000, 0x00000004fb190000)
  eden space 68288K, 100% used [0x00000004d1800000, 0x00000004d5ab0000, 0x00000004d5ab0000)
  from space 8512K,  97% used [0x00000004d5ab0000, 0x00000004d62c0bf0, 0x00000004d6300000)
  to   space 8512K,   0% used [0x00000004d6300000, 0x00000004d6300000, 0x00000004d6b50000)
 concurrent mark-sweep generation total 8212084K, used 7478053K [0x00000004fb190000, 0x00000006f052d000, 0x00000007c0000000)
 Metaspace       used 68901K, capacity 70184K, committed 70736K, reserved 1110016K
  class space    used 9842K, capacity 10277K, committed 10328K, reserved 1048576K
Event: 979.882 GC heap after
Heap after GC invocations=3535 (full 53):
 par new generation   total 76800K, used 8260K [0x00000004d1800000, 0x00000004d6b50000, 0x00000004fb190000)
  eden space 68288K,   0% used [0x00000004d1800000, 0x00000004d1800000, 0x00000004d5ab0000)
  from space 8512K,  97% used [0x00000004d6300000, 0x00000004d6b110c0, 0x00000004d6b50000)
  to   space 8512K,   0% used [0x00000004d5ab0000, 0x00000004d5ab0000, 0x00000004d6300000)
 concurrent mark-sweep generation total 8212084K, used 7486788K [0x00000004fb190000, 0x00000006f052d000, 0x00000007c0000000)
 Metaspace       used 68901K, capacity 70184K, committed 70736K, reserved 1110016K
  class space    used 9842K, capacity 10277K, committed 10328K, reserved 1048576K
}
Event: 979.998 GC heap before
{Heap before GC invocations=3535 (full 53):
 par new generation   total 76800K, used 76246K [0x00000004d1800000, 0x00000004d6b50000, 0x00000004fb190000)
  eden space 68288K,  99% used [0x00000004d1800000, 0x00000004d5a64ab8, 0x00000004d5ab0000)
  from space 8512K,  97% used [0x00000004d6300000, 0x00000004d6b110c0, 0x00000004d6b50000)
  to   space 8512K,   0% used [0x00000004d5ab0000, 0x00000004d5ab0000, 0x00000004d6300000)
 concurrent mark-sweep generation total 8212084K, used 7481414K [0x00000004fb190000, 0x00000006f052d000, 0x00000007c0000000)
 Metaspace       used 68901K, capacity 70184K, committed 70736K, reserved 1110016K
  class space    used 9842K, capacity 10277K, committed 10328K, reserved 1048576K
Event: 980.007 GC heap after
Heap after GC invocations=3536 (full 53):
 par new generation   total 76800K, used 8261K [0x00000004d1800000, 0x00000004d6b50000, 0x00000004fb190000)
  eden space 68288K,   0% used [0x00000004d1800000, 0x00000004d1800000, 0x00000004d5ab0000)
  from space 8512K,  97% used [0x00000004d5ab0000, 0x00000004d62c1690, 0x00000004d6300000)
  to   space 8512K,   0% used [0x00000004d6300000, 0x00000004d6300000, 0x00000004d6b50000)
 concurrent mark-sweep generation total 8212084K, used 7490148K [0x00000004fb190000, 0x00000006f052d000, 0x00000007c0000000)
 Metaspace       used 68901K, capacity 70184K, committed 70736K, reserved 1110016K
  class space    used 9842K, capacity 10277K, committed 10328K, reserved 1048576K
}

