# JRE version: Java(TM) SE Runtime Environment (8.0_172-b11) (build 1.8.0_172-b11)
# Java VM: Java HotSpot(TM) 64-Bit Server VM (25.172-b11 mixed mode linux-amd64 compressed oops)
Heap:
 par new generation   total 76800K, used 57961K [0x00000004d1800000, 0x00000004d6b50000, 0x00000004fb190000)
  eden space 68288K,  84% used [0x00000004d1800000, 0x00000004d5099fa8, 0x00000004d5ab0000)
  from space 8512K,   0% used [0x00000004d6300000, 0x00000004d6300810, 0x00000004d6b50000)
  to   space 8512K,   0% used [0x00000004d5ab0000, 0x00000004d5ab0000, 0x00000004d6300000)
 concurrent mark-sweep generation total 7749864K, used 6780739K [0x00000004fb190000, 0x00000006d41ca000, 0x00000007c0000000)
 Metaspace       used 60056K, capacity 61289K, committed 61544K, reserved 1101824K
  class space    used 9009K, capacity 9496K, committed 9620K, reserved 1048576K
GC Heap History (10 events):
Event: 276.714 GC heap before
{Heap before GC invocations=21372 (full 83):
 par new generation   total 76800K, used 67485K [0x00000004d1800000, 0x00000004d6b50000, 0x00000004fb190000)
  eden space 68288K,  98% used [0x00000004d1800000, 0x00000004d59e6e28, 0x00000004d5ab0000)
  from space 8512K,   0% used [0x00000004d5ab0000, 0x00000004d5ab0810, 0x00000004d6300000)
  to   space 8512K,   0% used [0x00000004d6300000, 0x00000004d6300000, 0x00000004d6b50000)
 concurrent mark-sweep generation total 7655188K, used 7579845K [0x00000004fb190000, 0x00000006ce555000, 0x00000007c0000000)
 Metaspace       used 60056K, capacity 61289K, committed 61544K, reserved 1101824K
  class space    used 9009K, capacity 9496K, committed 9620K, reserved 1048576K
Event: 276.723 GC heap after
Heap after GC invocations=21373 (full 83):
 par new generation   total 76800K, used 2K [0x00000004d1800000, 0x00000004d6b50000, 0x00000004fb190000)
  eden space 68288K,   0% used [0x00000004d1800000, 0x00000004d1800000, 0x00000004d5ab0000)
  from space 8512K,   0% used [0x00000004d6300000, 0x00000004d6300810, 0x00000004d6b50000)
  to   space 8512K,   0% used [0x00000004d5ab0000, 0x00000004d5ab0000, 0x00000004d6300000)
 concurrent mark-sweep generation total 7664656K, used 7589309K [0x00000004fb190000, 0x00000006cee94000, 0x00000007c0000000)
 Metaspace       used 60056K, capacity 61289K, committed 61544K, reserved 1101824K
  class space    used 9009K, capacity 9496K, committed 9620K, reserved 1048576K
}
Event: 276.731 GC heap before
{Heap before GC invocations=21373 (full 83):
 par new generation   total 76800K, used 67526K [0x00000004d1800000, 0x00000004d6b50000, 0x00000004fb190000)
  eden space 68288K,  98% used [0x00000004d1800000, 0x00000004d59f1178, 0x00000004d5ab0000)
  from space 8512K,   0% used [0x00000004d6300000, 0x00000004d6300810, 0x00000004d6b50000)
  to   space 8512K,   0% used [0x00000004d5ab0000, 0x00000004d5ab0000, 0x00000004d6300000)
 concurrent mark-sweep generation total 7664656K, used 7589309K [0x00000004fb190000, 0x00000006cee94000, 0x00000007c0000000)
 Metaspace       used 60056K, capacity 61289K, committed 61544K, reserved 1101824K
  class space    used 9009K, capacity 9496K, committed 9620K, reserved 1048576K
Event: 276.745 GC heap after
Heap after GC invocations=21374 (full 83):
 par new generation   total 76800K, used 2K [0x00000004d1800000, 0x00000004d6b50000, 0x00000004fb190000)
  eden space 68288K,   0% used [0x00000004d1800000, 0x00000004d1800000, 0x00000004d5ab0000)
  from space 8512K,   0% used [0x00000004d5ab0000, 0x00000004d5ab0810, 0x00000004d6300000)
  to   space 8512K,   0% used [0x00000004d6300000, 0x00000004d6300000, 0x00000004d6b50000)
 concurrent mark-sweep generation total 7693056K, used 7617704K [0x00000004fb190000, 0x00000006d0a50000, 0x00000007c0000000)
 Metaspace       used 60056K, capacity 61289K, committed 61544K, reserved 1101824K
  class space    used 9009K, capacity 9496K, committed 9620K, reserved 1048576K
}
Event: 276.752 GC heap before
{Heap before GC invocations=21374 (full 83):
 par new generation   total 76800K, used 57954K [0x00000004d1800000, 0x00000004d6b50000, 0x00000004fb190000)
  eden space 68288K,  84% used [0x00000004d1800000, 0x00000004d5098220, 0x00000004d5ab0000)
  from space 8512K,   0% used [0x00000004d5ab0000, 0x00000004d5ab0810, 0x00000004d6300000)
  to   space 8512K,   0% used [0x00000004d6300000, 0x00000004d6300000, 0x00000004d6b50000)
 concurrent mark-sweep generation total 7693056K, used 7617704K [0x00000004fb190000, 0x00000006d0a50000, 0x00000007c0000000)
 Metaspace       used 60056K, capacity 61289K, committed 61544K, reserved 1101824K
  class space    used 9009K, capacity 9496K, committed 9620K, reserved 1048576K
Event: 276.762 GC heap after
Heap after GC invocations=21375 (full 83):
 par new generation   total 76800K, used 2K [0x00000004d1800000, 0x00000004d6b50000, 0x00000004fb190000)
  eden space 68288K,   0% used [0x00000004d1800000, 0x00000004d1800000, 0x00000004d5ab0000)
  from space 8512K,   0% used [0x00000004d6300000, 0x00000004d6300810, 0x00000004d6b50000)
  to   space 8512K,   0% used [0x00000004d5ab0000, 0x00000004d5ab0000, 0x00000004d6300000)
 concurrent mark-sweep generation total 7711992K, used 7636635K [0x00000004fb190000, 0x00000006d1cce000, 0x00000007c0000000)
 Metaspace       used 60056K, capacity 61289K, committed 61544K, reserved 1101824K
  class space    used 9009K, capacity 9496K, committed 9620K, reserved 1048576K
}
Event: 276.770 GC heap before
{Heap before GC invocations=21375 (full 83):
 par new generation   total 76800K, used 67494K [0x00000004d1800000, 0x00000004d6b50000, 0x00000004fb190000)
  eden space 68288K,  98% used [0x00000004d1800000, 0x00000004d59e90a0, 0x00000004d5ab0000)
  from space 8512K,   0% used [0x00000004d6300000, 0x00000004d6300810, 0x00000004d6b50000)
  to   space 8512K,   0% used [0x00000004d5ab0000, 0x00000004d5ab0000, 0x00000004d6300000)
 concurrent mark-sweep generation total 7711992K, used 7636635K [0x00000004fb190000, 0x00000006d1cce000, 0x00000007c0000000)
 Metaspace       used 60056K, capacity 61289K, committed 61544K, reserved 1101824K
  class space    used 9009K, capacity 9496K, committed 9620K, reserved 1048576K
Event: 276.779 GC heap after
Heap after GC invocations=21376 (full 83):
 par new generation   total 76800K, used 2K [0x00000004d1800000, 0x00000004d6b50000, 0x00000004fb190000)
  eden space 68288K,   0% used [0x00000004d1800000, 0x00000004d1800000, 0x00000004d5ab0000)
  from space 8512K,   0% used [0x00000004d5ab0000, 0x00000004d5ab0810, 0x00000004d6300000)
  to   space 8512K,   0% used [0x00000004d6300000, 0x00000004d6300000, 0x00000004d6b50000)
 concurrent mark-sweep generation total 7721460K, used 7646101K [0x00000004fb190000, 0x00000006d260d000, 0x00000007c0000000)
 Metaspace       used 60056K, capacity 61289K, committed 61544K, reserved 1101824K
  class space    used 9009K, capacity 9496K, committed 9620K, reserved 1048576K
}
Event: 276.786 GC heap before
{Heap before GC invocations=21376 (full 83):
 par new generation   total 76800K, used 67535K [0x00000004d1800000, 0x00000004d6b50000, 0x00000004fb190000)
  eden space 68288K,  98% used [0x00000004d1800000, 0x00000004d59f33f0, 0x00000004d5ab0000)
  from space 8512K,   0% used [0x00000004d5ab0000, 0x00000004d5ab0810, 0x00000004d6300000)
  to   space 8512K,   0% used [0x00000004d6300000, 0x00000004d6300000, 0x00000004d6b50000)
 concurrent mark-sweep generation total 7721460K, used 7646101K [0x00000004fb190000, 0x00000006d260d000, 0x00000007c0000000)
 Metaspace       used 60056K, capacity 61289K, committed 61544K, reserved 1101824K
  class space    used 9009K, capacity 9496K, committed 9620K, reserved 1048576K
Event: 276.800 GC heap after
Heap after GC invocations=21377 (full 83):
 par new generation   total 76800K, used 2K [0x00000004d1800000, 0x00000004d6b50000, 0x00000004fb190000)
  eden space 68288K,   0% used [0x00000004d1800000, 0x00000004d1800000, 0x00000004d5ab0000)
  from space 8512K,   0% used [0x00000004d6300000, 0x00000004d6300810, 0x00000004d6b50000)
  to   space 8512K,   0% used [0x00000004d5ab0000, 0x00000004d5ab0000, 0x00000004d6300000)
 concurrent mark-sweep generation total 7749864K, used 7674500K [0x00000004fb190000, 0x00000006d41ca000, 0x00000007c0000000)
 Metaspace       used 60056K, capacity 61289K, committed 61544K, reserved 1101824K
  class space    used 9009K, capacity 9496K, committed 9620K, reserved 1048576K
}

